This file contains any messages produced by compilers while
running configure, to aid debugging if configure makes a mistake.

It was created by configure, which was
generated by GNU Autoconf 2.52.  Invocation command line was

  $ ./configure --prefix=/opt/srepod-2-1-4 --disable-debug --disable-ipv6 --disable-telnet --disable-dict --disable-ldap --disable-file --disable-gopher --disable-ftp --without-ssl

## ---------- ##
## Platform.  ##
## ---------- ##

hostname = cbvent02.ugent.be
uname -m = i686
uname -r = 2.6.11-1.1369_FC4
uname -s = Linux
uname -v = #1 Thu Jun 2 22:55:56 EDT 2005

/usr/bin/uname -p = unknown
/bin/uname -X     = unknown

/bin/arch              = i686
/usr/bin/arch -k       = unknown
/usr/convex/getsysinfo = unknown
hostinfo               = unknown
/bin/machine           = unknown
/usr/bin/oslevel       = unknown
/bin/universe          = unknown

PATH = /usr/kerberos/sbin:/usr/java/jdk1.5.0_02/bin:/usr/java/jdk1.5.0_02/bin:/usr/kerberos/bin:/usr/java/jdk1.5.0_02/bin:/usr/local/bin:/usr/bin:/bin:/usr/X11R6/bin:/opt/lupe/bin:/opt/apache-ant-1.6.2/bin:/opt/xmlbeans-2.0.0-beta1/bin:/home/hochsten/bin:/opt/lupe/bin:/opt/apache-ant-1.6.2/bin:/opt/xmlbeans-2.0.0-beta1/bin:/opt/lupe/bin

## ------------ ##
## Core tests.  ##
## ------------ ##

configure:1155: PATH=".;."; conftest.sh
./configure: line 1156: conftest.sh: command not found
configure:1158: $? = 127
configure:1211: checking for a BSD compatible install
configure:1260: result: /usr/bin/install -c
configure:1271: checking whether build environment is sane
configure:1314: result: yes
configure:1347: checking for mawk
configure:1373: result: no
configure:1347: checking for gawk
configure:1362: found /usr/bin/gawk
configure:1370: result: gawk
configure:1380: checking whether make sets ${MAKE}
configure:1400: result: yes
configure:1501: checking build system type
configure:1519: result: i686-pc-linux-gnu
configure:1526: checking host system type
configure:1540: result: i686-pc-linux-gnu
configure:1559: checking for style of include used by make
configure:1586: result: GNU
configure:1633: checking for gcc
configure:1648: found /usr/bin/gcc
configure:1656: result: gcc
configure:1884: checking for C compiler version
configure:1887: gcc --version </dev/null >&5
gcc (GCC) 4.0.0 20050519 (Red Hat 4.0.0-8)
Copyright (C) 2005 Free Software Foundation, Inc.
This is free software; see the source for copying conditions.  There is NO
warranty; not even for MERCHANTABILITY or FITNESS FOR A PARTICULAR PURPOSE.

configure:1890: $? = 0
configure:1892: gcc -v </dev/null >&5
Using built-in specs.
Target: i386-redhat-linux
Configured with: ../configure --prefix=/usr --mandir=/usr/share/man --infodir=/usr/share/info --enable-shared --enable-threads=posix --enable-checking=release --with-system-zlib --enable-__cxa_atexit --disable-libunwind-exceptions --enable-libgcj-multifile --enable-languages=c,c++,objc,java,f95,ada --enable-java-awt=gtk --with-java-home=/usr/lib/jvm/java-1.4.2-gcj-1.4.2.0/jre --host=i386-redhat-linux
Thread model: posix
gcc version 4.0.0 20050519 (Red Hat 4.0.0-8)
configure:1895: $? = 0
configure:1897: gcc -V </dev/null >&5
gcc: '-V' option must have argument
configure:1900: $? = 1
configure:1920: checking for C compiler default output
configure:1923: gcc    conftest.c  >&5
configure:1926: $? = 0
configure:1955: result: a.out
configure:1960: checking whether the C compiler works
configure:1966: ./a.out
configure:1969: $? = 0
configure:1984: result: yes
configure:1991: checking whether we are cross compiling
configure:1993: result: no
configure:1996: checking for executable suffix
configure:1998: gcc -o conftest    conftest.c  >&5
configure:2001: $? = 0
configure:2023: result: 
configure:2029: checking for object suffix
configure:2047: gcc -c   conftest.c >&5
configure:2050: $? = 0
configure:2069: result: o
configure:2073: checking whether we are using the GNU C compiler
configure:2094: gcc -c   conftest.c >&5
configure:2097: $? = 0
configure:2100: test -s conftest.o
configure:2103: $? = 0
configure:2115: result: yes
configure:2121: checking whether gcc accepts -g
configure:2139: gcc -c -g  conftest.c >&5
configure:2142: $? = 0
configure:2145: test -s conftest.o
configure:2148: $? = 0
configure:2158: result: yes
configure:2185: gcc -c -g -O2  conftest.c >&5
conftest.c:2: error: syntax error before 'me'
configure:2188: $? = 1
configure: failed program was:
#ifndef __cplusplus
  choke me
#endif
configure:2288: checking dependency style of gcc
configure:2350: result: gcc3
configure:2359: checking how to run the C preprocessor
configure:2385: gcc -E  conftest.c
configure:2391: $? = 0
configure:2418: gcc -E  conftest.c
configure:2415:28: error: ac_nonexistent.h: No such file or directory
configure:2424: $? = 1
configure: failed program was:
#line 2414 "configure"
#include "confdefs.h"
#include <ac_nonexistent.h>
configure:2461: result: gcc -E
configure:2476: gcc -E  conftest.c
configure:2482: $? = 0
configure:2509: gcc -E  conftest.c
configure:2506:28: error: ac_nonexistent.h: No such file or directory
configure:2515: $? = 1
configure: failed program was:
#line 2505 "configure"
#include "confdefs.h"
#include <ac_nonexistent.h>
configure:2554: checking for AIX
configure:2573: result: no
configure:2621: checking for gcc
configure:2644: result: gcc
configure:2872: checking for C compiler version
configure:2875: gcc --version </dev/null >&5
gcc (GCC) 4.0.0 20050519 (Red Hat 4.0.0-8)
Copyright (C) 2005 Free Software Foundation, Inc.
This is free software; see the source for copying conditions.  There is NO
warranty; not even for MERCHANTABILITY or FITNESS FOR A PARTICULAR PURPOSE.

configure:2878: $? = 0
configure:2880: gcc -v </dev/null >&5
Using built-in specs.
Target: i386-redhat-linux
Configured with: ../configure --prefix=/usr --mandir=/usr/share/man --infodir=/usr/share/info --enable-shared --enable-threads=posix --enable-checking=release --with-system-zlib --enable-__cxa_atexit --disable-libunwind-exceptions --enable-libgcj-multifile --enable-languages=c,c++,objc,java,f95,ada --enable-java-awt=gtk --with-java-home=/usr/lib/jvm/java-1.4.2-gcj-1.4.2.0/jre --host=i386-redhat-linux
Thread model: posix
gcc version 4.0.0 20050519 (Red Hat 4.0.0-8)
configure:2883: $? = 0
configure:2885: gcc -V </dev/null >&5
gcc: '-V' option must have argument
configure:2888: $? = 1
configure:2891: checking whether we are using the GNU C compiler
configure:2933: result: yes
configure:2939: checking whether gcc accepts -g
configure:2976: result: yes
configure:3003: gcc -c -g -O2  conftest.c >&5
conftest.c:2: error: syntax error before 'me'
configure:3006: $? = 1
configure: failed program was:
#ifndef __cplusplus
  choke me
#endif
configure:3106: checking dependency style of gcc
configure:3168: result: gcc3
configure:3179: checking for special C compiler options needed for large files
configure:3253: result: no
configure:3259: checking for _FILE_OFFSET_BITS value needed for large files
configure:3287: gcc -c -g -O2  conftest.c >&5
configure:3274: warning: left shift count >= width of type
configure:3274: warning: left shift count >= width of type
configure:3276: error: size of array 'off_t_is_large' is negative
configure:3290: $? = 1
configure: failed program was:
#line 3267 "configure"
#include "confdefs.h"
#include <sys/types.h>
 /* Check that off_t can represent 2**63 - 1 correctly.
    We can't simply define LARGE_OFF_T to be 9223372036854775807,
    since some C++ compilers masquerading as C compilers
    incorrectly reject 9223372036854775807.  */
#define LARGE_OFF_T (((off_t) 1 << 62) - 1 + ((off_t) 1 << 62))
  int off_t_is_large[(LARGE_OFF_T % 2147483629 == 721
		       && LARGE_OFF_T % 2147483647 == 1)
		      ? 1 : -1];
int
main ()
{

  ;
  return 0;
}
configure:3326: gcc -c -g -O2  conftest.c >&5
configure:3329: $? = 0
configure:3332: test -s conftest.o
configure:3335: $? = 0
configure:3346: result: 64
configure:3356: checking for _LARGE_FILES value needed for large files
configure:3384: gcc -c -g -O2  conftest.c >&5
configure:3387: $? = 0
configure:3390: test -s conftest.o
configure:3393: $? = 0
configure:3443: result: no
configure:3542: checking for ld used by GCC
configure:3605: result: /usr/bin/ld
configure:3614: checking if the linker (/usr/bin/ld) is GNU ld
GNU ld version 2.15.94.0.2.2 20041220
configure:3626: result: yes
configure:3630: checking for /usr/bin/ld option to reload object files
configure:3637: result: -r
configure:3642: checking for BSD-compatible nm
configure:3678: result: /usr/bin/nm -B
configure:3681: checking whether ln -s works
configure:3685: result: yes
configure:3692: checking how to recognise dependant libraries
configure:3870: result: pass_all
configure:3876: checking command to parse /usr/bin/nm -B output
configure:3957: gcc -c -g -O2  conftest.c >&5
configure:3960: $? = 0
configure:3964: /usr/bin/nm -B conftest.o \| sed -n -e 's/^.*[ 	]\([ABCDGISTW][ABCDGISTW]*\)[ 	][ 	]*\(\)\([_A-Za-z][_A-Za-z0-9]*\)$/\1 \2\3 \3/p' \> conftest.nm
configure:3967: $? = 0
configure:4019: gcc -o conftest -g -O2   conftest.c conftstm.o >&5
configure:4022: $? = 0
configure:4066: result: ok
configure:4073: checking for dlfcn.h
configure:4083: gcc -E  conftest.c
configure:4089: $? = 0
configure:4108: result: yes
configure:4295: checking for ranlib
configure:4310: found /usr/bin/ranlib
configure:4319: result: ranlib
configure:4369: checking for strip
configure:4384: found /usr/bin/strip
configure:4393: result: strip
configure:4914: checking for objdir
configure:4925: result: .libs
configure:4940: checking for gcc option to produce PIC
configure:5090: result: -fPIC
configure:5094: checking if gcc PIC flag -fPIC works
configure:5114: gcc -c -g -O2 -fPIC -DPIC  conftest.c >&5
configure:5117: $? = 0
configure:5120: test -s conftest.o
configure:5123: $? = 0
configure:5159: result: yes
configure:5175: checking if gcc static flag -static works
configure:5196: gcc -o conftest -g -O2   -static conftest.c  >&5
configure:5199: $? = 0
configure:5202: test -s conftest
configure:5205: $? = 0
configure:5219: result: yes
configure:5230: checking if gcc supports -c -o file.o
configure:5250: gcc -c -g -O2 -o out/conftest2.o  conftest.c >&5
configure:5274: result: yes
configure:5279: checking if gcc supports -c -o file.lo
configure:5303: gcc -c -g -O2 -c -o conftest.lo  conftest.c >&5
configure:5306: $? = 0
configure:5309: test -s conftest.lo
configure:5312: $? = 0
configure:5333: result: yes
configure:5364: checking if gcc supports -fno-rtti -fno-exceptions
configure:5383: gcc -c -g -O2 -fno-rtti -fno-exceptions -c conftest.c  conftest.c >&5
cc1: warning: command line option "-fno-rtti" is valid for C++/ObjC++ but not for C
cc1: warning: command line option "-fno-rtti" is valid for C++/ObjC++ but not for C
configure:5386: $? = 0
configure:5389: test -s conftest.o
configure:5392: $? = 0
configure:5408: result: yes
configure:5419: checking whether the linker (/usr/bin/ld) supports shared libraries
configure:6099: result: yes
configure:6104: checking how to hardcode library paths into programs
configure:6128: result: immediate
configure:6133: checking whether stripping libraries is possible
configure:6138: result: yes
configure:6149: checking dynamic linker characteristics
configure:6542: result: GNU/Linux ld.so
configure:6547: checking if libtool supports shared libraries
configure:6549: result: yes
configure:6552: checking whether to build shared libraries
configure:6573: result: yes
configure:6576: checking whether to build static libraries
configure:6580: result: yes
configure:7198: checking whether -lc should be explicitly linked in
configure:7206: gcc -c -g -O2  conftest.c >&5
configure:7209: $? = 0
configure:7223: gcc -shared conftest.o  -v -Wl,-soname -Wl,conftest -o conftest 2\>\&1 \| grep  -lc  \>/dev/null 2\>\&1
configure:7226: $? = 0
configure:7239: result: no
configure:7804: checking whether make sets ${MAKE}
configure:7824: result: yes
configure:7833: checking whether to support http
configure:7858: result: yes
configure:7862: checking whether to support ftp
configure:7869: result: no
configure:7885: checking whether to support gopher
configure:7892: result: no
configure:7908: checking whether to support file
configure:7915: result: no
configure:7931: checking whether to support ldap
configure:7938: result: no
configure:7954: checking whether to support dict
configure:7961: result: no
configure:7977: checking whether to support telnet
configure:7984: result: no
configure:8001: checking whether to enable ipv6
configure:8008: result: no
configure:8146: checking for gethostbyname
configure:8183: gcc -o conftest -g -O2   conftest.c  >&5
configure:8186: $? = 0
configure:8189: test -s conftest
configure:8192: $? = 0
configure:8202: result: yes
configure:8443: checking for strcasecmp
configure:8480: gcc -o conftest -g -O2   conftest.c  >&5
configure:8483: $? = 0
configure:8486: test -s conftest
configure:8489: $? = 0
configure:8499: result: yes
configure:8621: checking for connect
configure:8658: gcc -o conftest -g -O2   conftest.c  >&5
configure:8661: $? = 0
configure:8664: test -s conftest
configure:8667: $? = 0
configure:8677: result: yes
configure:8743: checking for gethostname
configure:8780: gcc -o conftest -g -O2   conftest.c  >&5
configure:8783: $? = 0
configure:8786: test -s conftest
configure:8789: $? = 0
configure:8799: result: yes
configure:8865: checking for dlclose
configure:8902: gcc -o conftest -g -O2   conftest.c  >&5
/tmp/ccUhV3Qp.o(.text+0x12): In function `main':
/home/hochsten/srepod/src/curl-7.9.8/configure:8893: undefined reference to `dlclose'
collect2: ld returned 1 exit status
configure:8905: $? = 1
configure: failed program was:
#line 8871 "configure"
#include "confdefs.h"
/* System header to define __stub macros and hopefully few prototypes,
    which can conflict with char dlclose (); below.  */
#include <assert.h>
/* Override any gcc2 internal prototype to avoid an error.  */
#ifdef __cplusplus
extern "C"
#endif
/* We use char because int might match the return type of a gcc2
   builtin and then its argument prototype would still apply.  */
char dlclose ();
char (*f) ();

int
main ()
{
/* The GNU C library defines this for functions which it implements
    to always fail with ENOSYS.  Some functions are actually named
    something starting with __ and the normal name is an alias.  */
#if defined (__stub_dlclose) || defined (__stub___dlclose)
choke me
#else
f = dlclose;
#endif

  ;
  return 0;
}
configure:8921: result: no
configure:8927: checking for dlopen in -ldl
configure:8954: gcc -o conftest -g -O2   conftest.c -ldl   >&5
configure:8957: $? = 0
configure:8960: test -s conftest
configure:8963: $? = 0
configure:8974: result: yes
configure:9210: checking non-blocking sockets style
configure:9250: gcc -c -g -O2  conftest.c >&5
configure:9253: $? = 0
configure:9256: test -s conftest.o
configure:9259: $? = 0
configure:9408: result: O_NONBLOCK
configure:9437: checking for "/dev/urandom"
configure:9452: result: yes
configure:9507: checking if Kerberos4 support is requested
configure:10001: result: no
configure:10016: WARNING: SSL/https support disabled
configure:10600: checking for gethostbyname_r
configure:10637: gcc -o conftest -g -O2   conftest.c -ldl  >&5
configure:10640: $? = 0
configure:10643: test -s conftest
configure:10646: $? = 0
configure:10656: result: yes
configure:10663: checking if gethostbyname_r takes 3 arguments
configure:10688: gcc -c -g -O2  conftest.c >&5
configure:10675: warning: 'struct hostent_data' declared inside parameter list
configure:10675: warning: its scope is only this definition or declaration, which is probably not what you want
configure:10675: error: conflicting types for 'gethostbyname_r'
/usr/include/netdb.h:177: error: previous declaration of 'gethostbyname_r' was here
configure: In function 'main':
configure:10680: error: storage size of 'data' isn't known
configure:10691: $? = 1
configure: failed program was:
#line 10666 "configure"
#include "confdefs.h"

#include <string.h>
#include <sys/types.h>
#include <netdb.h>
#undef NULL
#define NULL (void *)0

int
gethostbyname_r(const char *, struct hostent *, struct hostent_data *);
int
main ()
{

struct hostent_data data;
gethostbyname_r(NULL, NULL, NULL);
  ;
  return 0;
}
configure:10711: result: no
configure:10713: checking if gethostbyname_r with -D_REENTRANT takes 3 arguments
configure:10740: gcc -c -g -O2  conftest.c >&5
configure:10727: warning: 'struct hostent_data' declared inside parameter list
configure:10727: warning: its scope is only this definition or declaration, which is probably not what you want
configure:10727: error: conflicting types for 'gethostbyname_r'
/usr/include/netdb.h:177: error: previous declaration of 'gethostbyname_r' was here
configure: In function 'main':
configure:10732: error: storage size of 'data' isn't known
configure:10743: $? = 1
configure: failed program was:
#line 10716 "configure"
#include "confdefs.h"

#define _REENTRANT

#include <string.h>
#include <sys/types.h>
#include <netdb.h>
#undef NULL
#define NULL (void *)0

int
gethostbyname_r(const char *,struct hostent *, struct hostent_data *);
int
main ()
{

struct hostent_data data;
gethostbyname_r(NULL, NULL, NULL);
  ;
  return 0;
}
configure:10767: result: no
configure:10769: checking if gethostbyname_r takes 5 arguments
configure:10792: gcc -c -g -O2  conftest.c >&5
configure:10780: error: conflicting types for 'gethostbyname_r'
/usr/include/netdb.h:177: error: previous declaration of 'gethostbyname_r' was here
configure:10795: $? = 1
configure: failed program was:
#line 10772 "configure"
#include "confdefs.h"

#include <sys/types.h>
#include <netdb.h>
#undef NULL
#define NULL (void *)0

struct hostent *
gethostbyname_r(const char *, struct hostent *, char *, int, int *);
int
main ()
{

gethostbyname_r(NULL, NULL, NULL, 0, NULL);
  ;
  return 0;
}
configure:10815: result: no
configure:10817: checking if gethostbyname_r takes 6 arguments
configure:10841: gcc -c -g -O2  conftest.c >&5
configure:10844: $? = 0
configure:10847: test -s conftest.o
configure:10850: $? = 0
configure:10853: result: yes
configure:10889: checking for gethostbyaddr_r
configure:10926: gcc -o conftest -g -O2   conftest.c -ldl  >&5
configure:10929: $? = 0
configure:10932: test -s conftest
configure:10935: $? = 0
configure:10945: result: yes
configure:10952: checking if gethostbyaddr_r takes 5 arguments
configure:10976: gcc -c -g -O2  conftest.c >&5
configure: In function 'main':
configure:10967: error: storage size of 'hdata' isn't known
configure:10969: error: too few arguments to function 'gethostbyaddr_r'
configure:10979: $? = 1
configure: failed program was:
#line 10955 "configure"
#include "confdefs.h"

#include <sys/types.h>
#include <netdb.h>
int
main ()
{

char * address;
int length;
int type;
struct hostent h;
struct hostent_data hdata;
int rc;
rc = gethostbyaddr_r(address, length, type, &h, &hdata);
  ;
  return 0;
}
configure:10999: result: no
configure:11001: checking if gethostbyaddr_r with -D_REENTRANT takes 5 arguments
configure:11026: gcc -c -g -O2  conftest.c >&5
configure: In function 'main':
configure:11017: error: storage size of 'hdata' isn't known
configure:11019: error: too few arguments to function 'gethostbyaddr_r'
configure:11029: $? = 1
configure: failed program was:
#line 11004 "configure"
#include "confdefs.h"

#define _REENTRANT
#include <sys/types.h>
#include <netdb.h>
int
main ()
{

char * address;
int length;
int type;
struct hostent h;
struct hostent_data hdata;
int rc;
rc = gethostbyaddr_r(address, length, type, &h, &hdata);
  ;
  return 0;
}
configure:11053: result: no
configure:11055: checking if gethostbyaddr_r takes 7 arguments
configure:11082: gcc -c -g -O2  conftest.c >&5
configure: In function 'main':
configure:11075: warning: passing argument 7 of 'gethostbyaddr_r' from incompatible pointer type
configure:11075: error: too few arguments to function 'gethostbyaddr_r'
configure:11085: $? = 1
configure: failed program was:
#line 11058 "configure"
#include "confdefs.h"

#include <sys/types.h>
#include <netdb.h>
int
main ()
{

char * address;
int length;
int type;
struct hostent h;
char buffer[8192];
int h_errnop;
struct hostent * hp;

hp = gethostbyaddr_r(address, length, type, &h,
                     buffer, 8192, &h_errnop);
  ;
  return 0;
}
configure:11105: result: no
configure:11107: checking if gethostbyaddr_r takes 8 arguments
configure:11135: gcc -c -g -O2  conftest.c >&5
configure:11138: $? = 0
configure:11141: test -s conftest.o
configure:11144: $? = 0
configure:11147: result: yes
configure:11175: checking for inet_ntoa_r
configure:11212: gcc -o conftest -g -O2   conftest.c -ldl  >&5
/tmp/cccW5FhA.o(.text+0x12): In function `main':
/home/hochsten/srepod/src/curl-7.9.8/configure:11203: undefined reference to `inet_ntoa_r'
collect2: ld returned 1 exit status
configure:11215: $? = 1
configure: failed program was:
#line 11181 "configure"
#include "confdefs.h"
/* System header to define __stub macros and hopefully few prototypes,
    which can conflict with char inet_ntoa_r (); below.  */
#include <assert.h>
/* Override any gcc2 internal prototype to avoid an error.  */
#ifdef __cplusplus
extern "C"
#endif
/* We use char because int might match the return type of a gcc2
   builtin and then its argument prototype would still apply.  */
char inet_ntoa_r ();
char (*f) ();

int
main ()
{
/* The GNU C library defines this for functions which it implements
    to always fail with ENOSYS.  Some functions are actually named
    something starting with __ and the normal name is an alias.  */
#if defined (__stub_inet_ntoa_r) || defined (__stub___inet_ntoa_r)
choke me
#else
f = inet_ntoa_r;
#endif

  ;
  return 0;
}
configure:11231: result: no
configure:11296: checking for localtime_r
configure:11333: gcc -o conftest -g -O2   conftest.c -ldl  >&5
configure:11336: $? = 0
configure:11339: test -s conftest
configure:11342: $? = 0
configure:11352: result: yes
configure:11359: checking whether localtime_r is declared
configure:11370: result: yes
configure:11409: checking for gmtime_r
configure:11446: gcc -o conftest -g -O2   conftest.c -ldl  >&5
configure:11449: $? = 0
configure:11452: test -s conftest
configure:11455: $? = 0
configure:11465: result: yes
configure:11477: checking for ANSI C header files
configure:11491: gcc -E  conftest.c
configure:11497: $? = 0
configure:11584: gcc -o conftest -g -O2   conftest.c -ldl  >&5
configure: In function 'main':
configure:11576: warning: incompatible implicit declaration of built-in function 'exit'
configure:11587: $? = 0
configure:11589: ./conftest
configure:11592: $? = 0
configure:11605: result: yes
configure:11647: checking for unistd.h
configure:11657: gcc -E  conftest.c
configure:11663: $? = 0
configure:11682: result: yes
configure:11647: checking for malloc.h
configure:11657: gcc -E  conftest.c
configure:11663: $? = 0
configure:11682: result: yes
configure:11647: checking for stdlib.h
configure:11657: gcc -E  conftest.c
configure:11663: $? = 0
configure:11682: result: yes
configure:11647: checking for arpa/inet.h
configure:11657: gcc -E  conftest.c
configure:11663: $? = 0
configure:11682: result: yes
configure:11647: checking for net/if.h
configure:11657: gcc -E  conftest.c
configure:11663: $? = 0
configure:11682: result: yes
configure:11647: checking for netinet/in.h
configure:11657: gcc -E  conftest.c
configure:11663: $? = 0
configure:11682: result: yes
configure:11647: checking for netinet/if_ether.h
configure:11657: gcc -E  conftest.c
configure:11663: $? = 0
configure:11682: result: yes
configure:11647: checking for netdb.h
configure:11657: gcc -E  conftest.c
configure:11663: $? = 0
configure:11682: result: yes
configure:11647: checking for sys/select.h
configure:11657: gcc -E  conftest.c
configure:11663: $? = 0
configure:11682: result: yes
configure:11647: checking for sys/socket.h
configure:11657: gcc -E  conftest.c
configure:11663: $? = 0
configure:11682: result: yes
configure:11647: checking for sys/sockio.h
configure:11657: gcc -E  conftest.c
configure:11654:24: error: sys/sockio.h: No such file or directory
configure:11663: $? = 1
configure: failed program was:
#line 11653 "configure"
#include "confdefs.h"
#include <sys/sockio.h>
configure:11682: result: no
configure:11647: checking for sys/stat.h
configure:11657: gcc -E  conftest.c
configure:11663: $? = 0
configure:11682: result: yes
configure:11647: checking for sys/types.h
configure:11657: gcc -E  conftest.c
configure:11663: $? = 0
configure:11682: result: yes
configure:11647: checking for sys/time.h
configure:11657: gcc -E  conftest.c
configure:11663: $? = 0
configure:11682: result: yes
configure:11647: checking for sys/param.h
configure:11657: gcc -E  conftest.c
configure:11663: $? = 0
configure:11682: result: yes
configure:11647: checking for termios.h
configure:11657: gcc -E  conftest.c
configure:11663: $? = 0
configure:11682: result: yes
configure:11647: checking for termio.h
configure:11657: gcc -E  conftest.c
configure:11663: $? = 0
configure:11682: result: yes
configure:11647: checking for sgtty.h
configure:11657: gcc -E  conftest.c
configure:11663: $? = 0
configure:11682: result: yes
configure:11647: checking for fcntl.h
configure:11657: gcc -E  conftest.c
configure:11663: $? = 0
configure:11682: result: yes
configure:11647: checking for dlfcn.h
configure:11682: result: yes
configure:11647: checking for alloca.h
configure:11657: gcc -E  conftest.c
configure:11663: $? = 0
configure:11682: result: yes
configure:11647: checking for winsock.h
configure:11657: gcc -E  conftest.c
configure:11654:21: error: winsock.h: No such file or directory
configure:11663: $? = 1
configure: failed program was:
#line 11653 "configure"
#include "confdefs.h"
#include <winsock.h>
configure:11682: result: no
configure:11647: checking for time.h
configure:11657: gcc -E  conftest.c
configure:11663: $? = 0
configure:11682: result: yes
configure:11647: checking for io.h
configure:11657: gcc -E  conftest.c
configure:11654:16: error: io.h: No such file or directory
configure:11663: $? = 1
configure: failed program was:
#line 11653 "configure"
#include "confdefs.h"
#include <io.h>
configure:11682: result: no
configure:11647: checking for pwd.h
configure:11657: gcc -E  conftest.c
configure:11663: $? = 0
configure:11682: result: yes
configure:11647: checking for utime.h
configure:11657: gcc -E  conftest.c
configure:11663: $? = 0
configure:11682: result: yes
configure:11647: checking for sys/utime.h
configure:11657: gcc -E  conftest.c
configure:11654:23: error: sys/utime.h: No such file or directory
configure:11663: $? = 1
configure: failed program was:
#line 11653 "configure"
#include "confdefs.h"
#include <sys/utime.h>
configure:11682: result: no
configure:11647: checking for setjmp.h
configure:11657: gcc -E  conftest.c
configure:11663: $? = 0
configure:11682: result: yes
configure:11692: checking for gcc option to accept ANSI C
configure:11749: gcc  -c -g -O2  conftest.c >&5
configure:11752: $? = 0
configure:11755: test -s conftest.o
configure:11758: $? = 0
configure:11775: result: none needed
configure:11783: checking for an ANSI C-conforming const
configure:11847: gcc -c -g -O2  conftest.c >&5
configure:11850: $? = 0
configure:11853: test -s conftest.o
configure:11856: $? = 0
configure:11866: result: yes
configure:11882: checking for sys/types.h
configure:11913: result: yes
configure:11882: checking for sys/stat.h
configure:11913: result: yes
configure:11882: checking for stdlib.h
configure:11913: result: yes
configure:11882: checking for string.h
configure:11894: gcc -c -g -O2  conftest.c >&5
configure:11897: $? = 0
configure:11900: test -s conftest.o
configure:11903: $? = 0
configure:11913: result: yes
configure:11882: checking for memory.h
configure:11894: gcc -c -g -O2  conftest.c >&5
configure:11897: $? = 0
configure:11900: test -s conftest.o
configure:11903: $? = 0
configure:11913: result: yes
configure:11882: checking for strings.h
configure:11894: gcc -c -g -O2  conftest.c >&5
configure:11897: $? = 0
configure:11900: test -s conftest.o
configure:11903: $? = 0
configure:11913: result: yes
configure:11882: checking for inttypes.h
configure:11894: gcc -c -g -O2  conftest.c >&5
configure:11897: $? = 0
configure:11900: test -s conftest.o
configure:11903: $? = 0
configure:11913: result: yes
configure:11882: checking for stdint.h
configure:11894: gcc -c -g -O2  conftest.c >&5
configure:11897: $? = 0
configure:11900: test -s conftest.o
configure:11903: $? = 0
configure:11913: result: yes
configure:11882: checking for unistd.h
configure:11913: result: yes
configure:11923: checking for size_t
configure:11944: gcc -c -g -O2  conftest.c >&5
configure:11947: $? = 0
configure:11950: test -s conftest.o
configure:11953: $? = 0
configure:11963: result: yes
configure:11975: checking whether time.h and sys/time.h may both be included
configure:11997: gcc -c -g -O2  conftest.c >&5
configure:12000: $? = 0
configure:12003: test -s conftest.o
configure:12006: $? = 0
configure:12016: result: yes
configure:12034: checking for ssize_t
configure:12055: gcc -c -g -O2  conftest.c >&5
configure:12058: $? = 0
configure:12061: test -s conftest.o
configure:12064: $? = 0
configure:12074: result: yes
configure:12086: checking for socklen_t
configure:12109: gcc -c -g -O2  conftest.c >&5
configure:12112: $? = 0
configure:12115: test -s conftest.o
configure:12118: $? = 0
configure:12128: result: yes
configure:12206: checking for in_addr_t
configure:12230: gcc -c -g -O2  conftest.c >&5
configure:12233: $? = 0
configure:12236: test -s conftest.o
configure:12239: $? = 0
configure:12249: result: yes
configure:12323: checking return type of signal handlers
configure:12351: gcc -c -g -O2  conftest.c >&5
configure:12354: $? = 0
configure:12357: test -s conftest.o
configure:12360: $? = 0
configure:12370: result: void
configure:12409: checking for socket
configure:12446: gcc -o conftest -g -O2   conftest.c -ldl  >&5
configure:12449: $? = 0
configure:12452: test -s conftest
configure:12455: $? = 0
configure:12465: result: yes
configure:12409: checking for select
configure:12446: gcc -o conftest -g -O2   conftest.c -ldl  >&5
configure:12449: $? = 0
configure:12452: test -s conftest
configure:12455: $? = 0
configure:12465: result: yes
configure:12409: checking for strdup
configure:12446: gcc -o conftest -g -O2   conftest.c -ldl  >&5
configure:12425: warning: conflicting types for built-in function 'strdup'
configure:12449: $? = 0
configure:12452: test -s conftest
configure:12455: $? = 0
configure:12465: result: yes
configure:12409: checking for strstr
configure:12446: gcc -o conftest -g -O2   conftest.c -ldl  >&5
configure:12425: warning: conflicting types for built-in function 'strstr'
configure:12449: $? = 0
configure:12452: test -s conftest
configure:12455: $? = 0
configure:12465: result: yes
configure:12409: checking for strtok_r
configure:12446: gcc -o conftest -g -O2   conftest.c -ldl  >&5
configure:12449: $? = 0
configure:12452: test -s conftest
configure:12455: $? = 0
configure:12465: result: yes
configure:12409: checking for strftime
configure:12446: gcc -o conftest -g -O2   conftest.c -ldl  >&5
configure:12425: warning: conflicting types for built-in function 'strftime'
configure:12449: $? = 0
configure:12452: test -s conftest
configure:12455: $? = 0
configure:12465: result: yes
configure:12409: checking for uname
configure:12446: gcc -o conftest -g -O2   conftest.c -ldl  >&5
configure:12449: $? = 0
configure:12452: test -s conftest
configure:12455: $? = 0
configure:12465: result: yes
configure:12409: checking for strcasecmp
configure:12465: result: yes
configure:12409: checking for stricmp
configure:12446: gcc -o conftest -g -O2   conftest.c -ldl  >&5
/tmp/ccs1fB9D.o(.text+0x12): In function `main':
/home/hochsten/srepod/src/curl-7.9.8/configure:12437: undefined reference to `stricmp'
collect2: ld returned 1 exit status
configure:12449: $? = 1
configure: failed program was:
#line 12415 "configure"
#include "confdefs.h"
/* System header to define __stub macros and hopefully few prototypes,
    which can conflict with char stricmp (); below.  */
#include <assert.h>
/* Override any gcc2 internal prototype to avoid an error.  */
#ifdef __cplusplus
extern "C"
#endif
/* We use char because int might match the return type of a gcc2
   builtin and then its argument prototype would still apply.  */
char stricmp ();
char (*f) ();

int
main ()
{
/* The GNU C library defines this for functions which it implements
    to always fail with ENOSYS.  Some functions are actually named
    something starting with __ and the normal name is an alias.  */
#if defined (__stub_stricmp) || defined (__stub___stricmp)
choke me
#else
f = stricmp;
#endif

  ;
  return 0;
}
configure:12465: result: no
configure:12409: checking for strcmpi
configure:12446: gcc -o conftest -g -O2   conftest.c -ldl  >&5
/tmp/ccsnUVVJ.o(.text+0x12): In function `main':
/home/hochsten/srepod/src/curl-7.9.8/configure:12437: undefined reference to `strcmpi'
collect2: ld returned 1 exit status
configure:12449: $? = 1
configure: failed program was:
#line 12415 "configure"
#include "confdefs.h"
/* System header to define __stub macros and hopefully few prototypes,
    which can conflict with char strcmpi (); below.  */
#include <assert.h>
/* Override any gcc2 internal prototype to avoid an error.  */
#ifdef __cplusplus
extern "C"
#endif
/* We use char because int might match the return type of a gcc2
   builtin and then its argument prototype would still apply.  */
char strcmpi ();
char (*f) ();

int
main ()
{
/* The GNU C library defines this for functions which it implements
    to always fail with ENOSYS.  Some functions are actually named
    something starting with __ and the normal name is an alias.  */
#if defined (__stub_strcmpi) || defined (__stub___strcmpi)
choke me
#else
f = strcmpi;
#endif

  ;
  return 0;
}
configure:12465: result: no
configure:12409: checking for gethostname
configure:12465: result: yes
configure:12409: checking for gethostbyaddr
configure:12446: gcc -o conftest -g -O2   conftest.c -ldl  >&5
configure:12449: $? = 0
configure:12452: test -s conftest
configure:12455: $? = 0
configure:12465: result: yes
configure:12409: checking for gettimeofday
configure:12446: gcc -o conftest -g -O2   conftest.c -ldl  >&5
configure:12449: $? = 0
configure:12452: test -s conftest
configure:12455: $? = 0
configure:12465: result: yes
configure:12409: checking for inet_addr
configure:12446: gcc -o conftest -g -O2   conftest.c -ldl  >&5
configure:12449: $? = 0
configure:12452: test -s conftest
configure:12455: $? = 0
configure:12465: result: yes
configure:12409: checking for inet_ntoa
configure:12446: gcc -o conftest -g -O2   conftest.c -ldl  >&5
configure:12449: $? = 0
configure:12452: test -s conftest
configure:12455: $? = 0
configure:12465: result: yes
configure:12409: checking for tcsetattr
configure:12446: gcc -o conftest -g -O2   conftest.c -ldl  >&5
configure:12449: $? = 0
configure:12452: test -s conftest
configure:12455: $? = 0
configure:12465: result: yes
configure:12409: checking for tcgetattr
configure:12446: gcc -o conftest -g -O2   conftest.c -ldl  >&5
configure:12449: $? = 0
configure:12452: test -s conftest
configure:12455: $? = 0
configure:12465: result: yes
configure:12409: checking for perror
configure:12446: gcc -o conftest -g -O2   conftest.c -ldl  >&5
configure:12449: $? = 0
configure:12452: test -s conftest
configure:12455: $? = 0
configure:12465: result: yes
configure:12409: checking for closesocket
configure:12446: gcc -o conftest -g -O2   conftest.c -ldl  >&5
/tmp/ccmU08Wx.o(.text+0x12): In function `main':
/home/hochsten/srepod/src/curl-7.9.8/configure:12437: undefined reference to `closesocket'
collect2: ld returned 1 exit status
configure:12449: $? = 1
configure: failed program was:
#line 12415 "configure"
#include "confdefs.h"
/* System header to define __stub macros and hopefully few prototypes,
    which can conflict with char closesocket (); below.  */
#include <assert.h>
/* Override any gcc2 internal prototype to avoid an error.  */
#ifdef __cplusplus
extern "C"
#endif
/* We use char because int might match the return type of a gcc2
   builtin and then its argument prototype would still apply.  */
char closesocket ();
char (*f) ();

int
main ()
{
/* The GNU C library defines this for functions which it implements
    to always fail with ENOSYS.  Some functions are actually named
    something starting with __ and the normal name is an alias.  */
#if defined (__stub_closesocket) || defined (__stub___closesocket)
choke me
#else
f = closesocket;
#endif

  ;
  return 0;
}
configure:12465: result: no
configure:12409: checking for setvbuf
configure:12446: gcc -o conftest -g -O2   conftest.c -ldl  >&5
configure:12449: $? = 0
configure:12452: test -s conftest
configure:12455: $? = 0
configure:12465: result: yes
configure:12409: checking for sigaction
configure:12446: gcc -o conftest -g -O2   conftest.c -ldl  >&5
configure:12449: $? = 0
configure:12452: test -s conftest
configure:12455: $? = 0
configure:12465: result: yes
configure:12409: checking for signal
configure:12446: gcc -o conftest -g -O2   conftest.c -ldl  >&5
configure:12449: $? = 0
configure:12452: test -s conftest
configure:12455: $? = 0
configure:12465: result: yes
configure:12409: checking for getpass_r
configure:12446: gcc -o conftest -g -O2   conftest.c -ldl  >&5
/tmp/cciEUe7V.o(.text+0x12): In function `main':
/home/hochsten/srepod/src/curl-7.9.8/configure:12437: undefined reference to `getpass_r'
collect2: ld returned 1 exit status
configure:12449: $? = 1
configure: failed program was:
#line 12415 "configure"
#include "confdefs.h"
/* System header to define __stub macros and hopefully few prototypes,
    which can conflict with char getpass_r (); below.  */
#include <assert.h>
/* Override any gcc2 internal prototype to avoid an error.  */
#ifdef __cplusplus
extern "C"
#endif
/* We use char because int might match the return type of a gcc2
   builtin and then its argument prototype would still apply.  */
char getpass_r ();
char (*f) ();

int
main ()
{
/* The GNU C library defines this for functions which it implements
    to always fail with ENOSYS.  Some functions are actually named
    something starting with __ and the normal name is an alias.  */
#if defined (__stub_getpass_r) || defined (__stub___getpass_r)
choke me
#else
f = getpass_r;
#endif

  ;
  return 0;
}
configure:12465: result: no
configure:12409: checking for strlcat
configure:12446: gcc -o conftest -g -O2   conftest.c -ldl  >&5
/tmp/ccWcDNI1.o(.text+0x12): In function `main':
/home/hochsten/srepod/src/curl-7.9.8/configure:12437: undefined reference to `strlcat'
collect2: ld returned 1 exit status
configure:12449: $? = 1
configure: failed program was:
#line 12415 "configure"
#include "confdefs.h"
/* System header to define __stub macros and hopefully few prototypes,
    which can conflict with char strlcat (); below.  */
#include <assert.h>
/* Override any gcc2 internal prototype to avoid an error.  */
#ifdef __cplusplus
extern "C"
#endif
/* We use char because int might match the return type of a gcc2
   builtin and then its argument prototype would still apply.  */
char strlcat ();
char (*f) ();

int
main ()
{
/* The GNU C library defines this for functions which it implements
    to always fail with ENOSYS.  Some functions are actually named
    something starting with __ and the normal name is an alias.  */
#if defined (__stub_strlcat) || defined (__stub___strlcat)
choke me
#else
f = strlcat;
#endif

  ;
  return 0;
}
configure:12465: result: no
configure:12409: checking for getpwuid
configure:12446: gcc -o conftest -g -O2   conftest.c -ldl  >&5
configure:12449: $? = 0
configure:12452: test -s conftest
configure:12455: $? = 0
configure:12465: result: yes
configure:12409: checking for geteuid
configure:12446: gcc -o conftest -g -O2   conftest.c -ldl  >&5
configure:12449: $? = 0
configure:12452: test -s conftest
configure:12455: $? = 0
configure:12465: result: yes
configure:12409: checking for dlopen
configure:12446: gcc -o conftest -g -O2   conftest.c -ldl  >&5
configure:12449: $? = 0
configure:12452: test -s conftest
configure:12455: $? = 0
configure:12465: result: yes
configure:12409: checking for utime
configure:12446: gcc -o conftest -g -O2   conftest.c -ldl  >&5
configure:12449: $? = 0
configure:12452: test -s conftest
configure:12455: $? = 0
configure:12465: result: yes
configure:12409: checking for sigsetjmp
configure:12446: gcc -o conftest -g -O2   conftest.c -ldl  >&5
/tmp/ccke0BXc.o(.text+0x12): In function `main':
/home/hochsten/srepod/src/curl-7.9.8/configure:12437: undefined reference to `sigsetjmp'
collect2: ld returned 1 exit status
configure:12449: $? = 1
configure: failed program was:
#line 12415 "configure"
#include "confdefs.h"
/* System header to define __stub macros and hopefully few prototypes,
    which can conflict with char sigsetjmp (); below.  */
#include <assert.h>
/* Override any gcc2 internal prototype to avoid an error.  */
#ifdef __cplusplus
extern "C"
#endif
/* We use char because int might match the return type of a gcc2
   builtin and then its argument prototype would still apply.  */
char sigsetjmp ();
char (*f) ();

int
main ()
{
/* The GNU C library defines this for functions which it implements
    to always fail with ENOSYS.  Some functions are actually named
    something starting with __ and the normal name is an alias.  */
#if defined (__stub_sigsetjmp) || defined (__stub___sigsetjmp)
choke me
#else
f = sigsetjmp;
#endif

  ;
  return 0;
}
configure:12465: result: no
configure:12476: checking for sigsetjmp defined as macro
configure:12492: gcc -o conftest -g -O2   conftest.c -ldl  >&5
configure:12495: $? = 0
configure:12498: test -s conftest
configure:12501: $? = 0
configure:12503: result: yes
configure:12532: checking for perl
configure:12549: found /usr/bin/perl
configure:12560: result: /usr/bin/perl
configure:12571: checking for gnroff
configure:12588: found /usr/bin/gnroff
configure:12599: result: /usr/bin/gnroff
configure:12613: checking for bison
configure:12628: found /usr/bin/bison
configure:12636: result: bison -y
configure:12647: checking whether to enable debug options
configure:12654: result: no
configure:12751: creating ./config.status

## ----------------------- ##
## Running config.status.  ##
## ----------------------- ##

This file was extended by config.status 2.52, executed with
  CONFIG_FILES    = 
  CONFIG_HEADERS  = 
  CONFIG_LINKS    = 
  CONFIG_COMMANDS = 
  > ./config.status 
on cbvent02.ugent.be

config.status:13282: creating Makefile
config.status:13282: creating docs/Makefile
config.status:13282: creating docs/examples/Makefile
config.status:13282: creating docs/libcurl/Makefile
config.status:13282: creating include/Makefile
config.status:13282: creating include/curl/Makefile
config.status:13282: creating src/Makefile
config.status:13282: creating lib/Makefile
config.status:13282: creating tests/Makefile
config.status:13282: creating tests/data/Makefile
config.status:13282: creating tests/server/Makefile
config.status:13282: creating packages/Makefile
config.status:13282: creating packages/Win32/Makefile
config.status:13282: creating packages/Win32/cygwin/Makefile
config.status:13282: creating packages/Linux/Makefile
config.status:13282: creating packages/Linux/RPM/Makefile
config.status:13282: creating packages/Linux/RPM/curl.spec
config.status:13282: creating packages/Linux/RPM/curl-ssl.spec
config.status:13282: creating packages/Solaris/Makefile
config.status:13282: creating packages/EPM/curl.list
config.status:13282: creating packages/EPM/Makefile
config.status:13282: creating curl-config
config.status:13374: creating lib/config.h
config.status:13515: lib/config.h is unchanged
config.status:13374: creating src/config.h
config.status:13515: src/config.h is unchanged
config.status:13374: creating tests/server/config.h
config.status:13515: tests/server/config.h is unchanged

## ----------------- ##
## Cache variables.  ##
## ----------------- ##

ac_cv_build=i686-pc-linux-gnu
ac_cv_build_alias=i686-pc-linux-gnu
ac_cv_c_compiler_gnu=yes
ac_cv_c_const=yes
ac_cv_env_CC_set=
ac_cv_env_CC_value=
ac_cv_env_CFLAGS_set=
ac_cv_env_CFLAGS_value=
ac_cv_env_CPPFLAGS_set=
ac_cv_env_CPPFLAGS_value=
ac_cv_env_CPP_set=
ac_cv_env_CPP_value=
ac_cv_env_LDFLAGS_set=
ac_cv_env_LDFLAGS_value=
ac_cv_env_build_alias_set=
ac_cv_env_build_alias_value=
ac_cv_env_host_alias_set=
ac_cv_env_host_alias_value=
ac_cv_env_target_alias_set=
ac_cv_env_target_alias_value=
ac_cv_file___dev_urandom_=yes
ac_cv_func_closesocket=no
ac_cv_func_connect=yes
ac_cv_func_dlclose=no
ac_cv_func_dlopen=yes
ac_cv_func_geteuid=yes
ac_cv_func_gethostbyaddr=yes
ac_cv_func_gethostbyaddr_r=yes
ac_cv_func_gethostbyname=yes
ac_cv_func_gethostbyname_r=yes
ac_cv_func_gethostname=yes
ac_cv_func_getpass_r=no
ac_cv_func_getpwuid=yes
ac_cv_func_gettimeofday=yes
ac_cv_func_gmtime_r=yes
ac_cv_func_inet_addr=yes
ac_cv_func_inet_ntoa=yes
ac_cv_func_inet_ntoa_r=no
ac_cv_func_localtime_r=yes
ac_cv_func_perror=yes
ac_cv_func_select=yes
ac_cv_func_setvbuf=yes
ac_cv_func_sigaction=yes
ac_cv_func_signal=yes
ac_cv_func_sigsetjmp=no
ac_cv_func_socket=yes
ac_cv_func_strcasecmp=yes
ac_cv_func_strcmpi=no
ac_cv_func_strdup=yes
ac_cv_func_strftime=yes
ac_cv_func_stricmp=no
ac_cv_func_strlcat=no
ac_cv_func_strstr=yes
ac_cv_func_strtok_r=yes
ac_cv_func_tcgetattr=yes
ac_cv_func_tcsetattr=yes
ac_cv_func_uname=yes
ac_cv_func_utime=yes
ac_cv_gethostbyaddr_args=8
ac_cv_gethostbyname_args=6
ac_cv_header_alloca_h=yes
ac_cv_header_arpa_inet_h=yes
ac_cv_header_dlfcn_h=yes
ac_cv_header_fcntl_h=yes
ac_cv_header_inttypes_h=yes
ac_cv_header_io_h=no
ac_cv_header_malloc_h=yes
ac_cv_header_memory_h=yes
ac_cv_header_net_if_h=yes
ac_cv_header_netdb_h=yes
ac_cv_header_netinet_if_ether_h=yes
ac_cv_header_netinet_in_h=yes
ac_cv_header_pwd_h=yes
ac_cv_header_setjmp_h=yes
ac_cv_header_sgtty_h=yes
ac_cv_header_stdc=yes
ac_cv_header_stdint_h=yes
ac_cv_header_stdlib_h=yes
ac_cv_header_string_h=yes
ac_cv_header_strings_h=yes
ac_cv_header_sys_param_h=yes
ac_cv_header_sys_select_h=yes
ac_cv_header_sys_socket_h=yes
ac_cv_header_sys_sockio_h=no
ac_cv_header_sys_stat_h=yes
ac_cv_header_sys_time_h=yes
ac_cv_header_sys_types_h=yes
ac_cv_header_sys_utime_h=no
ac_cv_header_termio_h=yes
ac_cv_header_termios_h=yes
ac_cv_header_time=yes
ac_cv_header_time_h=yes
ac_cv_header_unistd_h=yes
ac_cv_header_utime_h=yes
ac_cv_header_winsock_h=no
ac_cv_host=i686-pc-linux-gnu
ac_cv_host_alias=i686-pc-linux-gnu
ac_cv_lib_dl_dlopen=yes
ac_cv_objext=o
ac_cv_path_NROFF=/usr/bin/gnroff
ac_cv_path_PERL=/usr/bin/perl
ac_cv_path_install='/usr/bin/install -c'
ac_cv_prog_AWK=gawk
ac_cv_prog_CPP='gcc -E'
ac_cv_prog_YACC='bison -y'
ac_cv_prog_ac_ct_CC=gcc
ac_cv_prog_ac_ct_RANLIB=ranlib
ac_cv_prog_ac_ct_STRIP=strip
ac_cv_prog_cc_g=yes
ac_cv_prog_cc_stdc=
ac_cv_prog_make_make_set=yes
ac_cv_sys_file_offset_bits=64
ac_cv_sys_large_files=no
ac_cv_sys_largefile_CC=no
ac_cv_type_in_addr_t=yes
ac_cv_type_signal=void
ac_cv_type_size_t=yes
ac_cv_type_socklen_t=yes
ac_cv_type_ssize_t=yes
am_cv_CC_dependencies_compiler_type=gcc3
lt_cv_archive_cmds_need_lc=no
lt_cv_compiler_c_o=yes
lt_cv_compiler_o_lo=yes
lt_cv_deplibs_check_method=pass_all
lt_cv_file_magic_cmd='$MAGIC_CMD'
lt_cv_file_magic_test_file='/lib/libc.so.6 /lib/libc-2.3.5.so'
lt_cv_global_symbol_to_c_name_address='sed -n -e '\''s/^: \([^ ]*\) $/  {\"\1\", (lt_ptr) 0},/p'\'' -e '\''s/^[BCDEGRST] \([^ ]*\) \([^ ]*\)$/  {"\2", (lt_ptr) \&\2},/p'\'''
lt_cv_global_symbol_to_cdecl='sed -n -e '\''s/^. .* \(.*\)$/extern char \1;/p'\'''
lt_cv_ld_reload_flag=-r
lt_cv_path_LD=/usr/bin/ld
lt_cv_path_NM='/usr/bin/nm -B'
lt_cv_prog_cc_can_build_shared=yes
lt_cv_prog_cc_no_builtin=
lt_cv_prog_cc_pic=' -fPIC'
lt_cv_prog_cc_pic_works=yes
lt_cv_prog_cc_shlib=
lt_cv_prog_cc_static=-static
lt_cv_prog_cc_static_works=yes
lt_cv_prog_cc_wl=-Wl,
lt_cv_prog_gnu_ld=yes
lt_cv_sys_global_symbol_pipe='sed -n -e '\''s/^.*[ 	]\([ABCDGISTW][ABCDGISTW]*\)[ 	][ 	]*\(\)\([_A-Za-z][_A-Za-z0-9]*\)$/\1 \2\3 \3/p'\'''
lt_cv_sys_path_separator=:

## ------------ ##
## confdefs.h.  ##
## ------------ ##

#define PACKAGE "curl"
#define VERSION "7.9.8"
#define OS "i686-pc-linux-gnu"
#define _FILE_OFFSET_BITS 64
#define HAVE_DLFCN_H 1
#define CURL_DISABLE_FTP 1
#define CURL_DISABLE_GOPHER 1
#define CURL_DISABLE_FILE 1
#define CURL_DISABLE_LDAP 1
#define CURL_DISABLE_DICT 1
#define CURL_DISABLE_TELNET 1
#define HAVE_LIBDL 1
#define HAVE_O_NONBLOCK 1
#define RANDOM_FILE "/dev/urandom"
#define HAVE_GETHOSTBYNAME_R 1
#define HAVE_GETHOSTBYNAME_R_6 1
#define HAVE_GETHOSTBYADDR_R 1
#define HAVE_GETHOSTBYADDR_R_8 1
#define HAVE_LOCALTIME_R 1
#define HAVE_GMTIME_R 1
#define STDC_HEADERS 1
#define HAVE_UNISTD_H 1
#define HAVE_MALLOC_H 1
#define HAVE_STDLIB_H 1
#define HAVE_ARPA_INET_H 1
#define HAVE_NET_IF_H 1
#define HAVE_NETINET_IN_H 1
#define HAVE_NETINET_IF_ETHER_H 1
#define HAVE_NETDB_H 1
#define HAVE_SYS_SELECT_H 1
#define HAVE_SYS_SOCKET_H 1
#define HAVE_SYS_STAT_H 1
#define HAVE_SYS_TYPES_H 1
#define HAVE_SYS_TIME_H 1
#define HAVE_SYS_PARAM_H 1
#define HAVE_TERMIOS_H 1
#define HAVE_TERMIO_H 1
#define HAVE_SGTTY_H 1
#define HAVE_FCNTL_H 1
#define HAVE_DLFCN_H 1
#define HAVE_ALLOCA_H 1
#define HAVE_TIME_H 1
#define HAVE_PWD_H 1
#define HAVE_UTIME_H 1
#define HAVE_SETJMP_H 1
#define HAVE_SYS_TYPES_H 1
#define HAVE_SYS_STAT_H 1
#define HAVE_STDLIB_H 1
#define HAVE_STRING_H 1
#define HAVE_MEMORY_H 1
#define HAVE_STRINGS_H 1
#define HAVE_INTTYPES_H 1
#define HAVE_STDINT_H 1
#define HAVE_UNISTD_H 1
#define TIME_WITH_SYS_TIME 1
#define RETSIGTYPE void
#define HAVE_SOCKET 1
#define HAVE_SELECT 1
#define HAVE_STRDUP 1
#define HAVE_STRSTR 1
#define HAVE_STRTOK_R 1
#define HAVE_STRFTIME 1
#define HAVE_UNAME 1
#define HAVE_STRCASECMP 1
#define HAVE_GETHOSTNAME 1
#define HAVE_GETHOSTBYADDR 1
#define HAVE_GETTIMEOFDAY 1
#define HAVE_INET_ADDR 1
#define HAVE_INET_NTOA 1
#define HAVE_TCSETATTR 1
#define HAVE_TCGETATTR 1
#define HAVE_PERROR 1
#define HAVE_SETVBUF 1
#define HAVE_SIGACTION 1
#define HAVE_SIGNAL 1
#define HAVE_GETPWUID 1
#define HAVE_GETEUID 1
#define HAVE_DLOPEN 1
#define HAVE_UTIME 1
#define HAVE_SIGSETJMP 1


configure: exit 0
